<?xml version="1.0" encoding="UTF-8"?>
<testsuite xmlns:xsi="http://www.w3.org/2001/XMLSchema-instance" xsi:noNamespaceSchemaLocation="https://maven.apache.org/surefire/maven-surefire-plugin/xsd/surefire-test-report.xsd" name="com.zju.java.AppTest" time="0.052" tests="1" errors="0" skipped="0" failures="0">
  <properties>
    <property name="sun.desktop" value="windows"/>
    <property name="awt.toolkit" value="sun.awt.windows.WToolkit"/>
    <property name="file.encoding.pkg" value="sun.io"/>
    <property name="java.specification.version" value="1.8"/>
    <property name="sun.cpu.isalist" value="amd64"/>
    <property name="sun.jnu.encoding" value="GBK"/>
    <property name="java.class.path" value="C:\Users\MSI-CN\IdeaProjects\hadoop\hadoop\untitled7\firstTest\target\test-classes;C:\Users\MSI-CN\IdeaProjects\hadoop\hadoop\untitled7\firstTest\target\classes;D:\javasoftinstall\mavenRep\junit\junit\4.12\junit-4.12.jar;D:\javasoftinstall\mavenRep\org\hamcrest\hamcrest-core\1.3\hamcrest-core-1.3.jar;D:\javasoftinstall\mavenRep\org\hamcrest\hamcrest\2.1\hamcrest-2.1.jar;D:\javasoftinstall\mavenRep\org\easymock\easymock\3.1\easymock-3.1.jar;D:\javasoftinstall\mavenRep\cglib\cglib-nodep\2.2.2\cglib-nodep-2.2.2.jar;D:\javasoftinstall\mavenRep\org\objenesis\objenesis\1.2\objenesis-1.2.jar;"/>
    <property name="java.vm.vendor" value="Oracle Corporation"/>
    <property name="sun.arch.data.model" value="64"/>
    <property name="user.variant" value=""/>
    <property name="java.vendor.url" value="http://java.oracle.com/"/>
    <property name="user.timezone" value="GMT+08:00"/>
    <property name="java.vm.specification.version" value="1.8"/>
    <property name="os.name" value="Windows 10"/>
    <property name="user.country" value="CN"/>
    <property name="sun.java.launcher" value="SUN_STANDARD"/>
    <property name="sun.boot.library.path" value="C:\Program Files\Java\jdk1.8.0_101\jre\bin"/>
    <property name="sun.java.command" value="C:\Users\MSI-CN\AppData\Local\Temp\surefire325718299153967952\surefirebooter3825637181808002312.jar C:\Users\MSI-CN\AppData\Local\Temp\surefire325718299153967952 2020-10-09T08-52-32_395-jvmRun1 surefire8781357939486758455tmp surefire_04464075056234623962tmp"/>
    <property name="surefire.test.class.path" value="C:\Users\MSI-CN\IdeaProjects\hadoop\hadoop\untitled7\firstTest\target\test-classes;C:\Users\MSI-CN\IdeaProjects\hadoop\hadoop\untitled7\firstTest\target\classes;D:\javasoftinstall\mavenRep\junit\junit\4.12\junit-4.12.jar;D:\javasoftinstall\mavenRep\org\hamcrest\hamcrest-core\1.3\hamcrest-core-1.3.jar;D:\javasoftinstall\mavenRep\org\hamcrest\hamcrest\2.1\hamcrest-2.1.jar;D:\javasoftinstall\mavenRep\org\easymock\easymock\3.1\easymock-3.1.jar;D:\javasoftinstall\mavenRep\cglib\cglib-nodep\2.2.2\cglib-nodep-2.2.2.jar;D:\javasoftinstall\mavenRep\org\objenesis\objenesis\1.2\objenesis-1.2.jar;"/>
    <property name="sun.cpu.endian" value="little"/>
    <property name="user.home" value="C:\Users\MSI-CN"/>
    <property name="user.language" value="zh"/>
    <property name="java.specification.vendor" value="Oracle Corporation"/>
    <property name="java.home" value="C:\Program Files\Java\jdk1.8.0_101\jre"/>
    <property name="basedir" value="C:\Users\MSI-CN\IdeaProjects\hadoop\hadoop\untitled7\firstTest"/>
    <property name="file.separator" value="\"/>
    <property name="line.separator" value="&#10;"/>
    <property name="java.vm.specification.vendor" value="Oracle Corporation"/>
    <property name="java.specification.name" value="Java Platform API Specification"/>
    <property name="java.awt.graphicsenv" value="sun.awt.Win32GraphicsEnvironment"/>
    <property name="surefire.real.class.path" value="C:\Users\MSI-CN\AppData\Local\Temp\surefire325718299153967952\surefirebooter3825637181808002312.jar"/>
    <property name="sun.boot.class.path" value="C:\Program Files\Java\jdk1.8.0_101\jre\lib\resources.jar;C:\Program Files\Java\jdk1.8.0_101\jre\lib\rt.jar;C:\Program Files\Java\jdk1.8.0_101\jre\lib\sunrsasign.jar;C:\Program Files\Java\jdk1.8.0_101\jre\lib\jsse.jar;C:\Program Files\Java\jdk1.8.0_101\jre\lib\jce.jar;C:\Program Files\Java\jdk1.8.0_101\jre\lib\charsets.jar;C:\Program Files\Java\jdk1.8.0_101\jre\lib\jfr.jar;C:\Program Files\Java\jdk1.8.0_101\jre\classes"/>
    <property name="user.script" value=""/>
    <property name="sun.management.compiler" value="HotSpot 64-Bit Tiered Compilers"/>
    <property name="java.runtime.version" value="1.8.0_101-b13"/>
    <property name="user.name" value="MSI-CN"/>
    <property name="path.separator" value=";"/>
    <property name="os.version" value="10.0"/>
    <property name="java.endorsed.dirs" value="C:\Program Files\Java\jdk1.8.0_101\jre\lib\endorsed"/>
    <property name="java.runtime.name" value="Java(TM) SE Runtime Environment"/>
    <property name="file.encoding" value="GBK"/>
    <property name="java.vm.name" value="Java HotSpot(TM) 64-Bit Server VM"/>
    <property name="localRepository" value="D:\javasoftinstall\mavenRep"/>
    <property name="java.vendor.url.bug" value="http://bugreport.sun.com/bugreport/"/>
    <property name="java.io.tmpdir" value="C:\Users\MSI-CN\AppData\Local\Temp\"/>
    <property name="idea.version" value="2020.2.2"/>
    <property name="java.version" value="1.8.0_101"/>
    <property name="user.dir" value="C:\Users\MSI-CN\IdeaProjects\hadoop\hadoop\untitled7\firstTest"/>
    <property name="os.arch" value="amd64"/>
    <property name="java.vm.specification.name" value="Java Virtual Machine Specification"/>
    <property name="java.awt.printerjob" value="sun.awt.windows.WPrinterJob"/>
    <property name="sun.os.patch.level" value=""/>
    <property name="java.library.path" value="C:\Program Files\Java\jdk1.8.0_101\jre\bin;C:\Windows\Sun\Java\bin;C:\Windows\system32;C:\Windows;C:\Program Files (x86)\NetSarang\Xshell 7\;C:\ProgramData\Oracle\Java\javapath;C:\Program Files\Java\jdk1.8.0_101\bin;C:\Program Files\Java\jdk1.8.0_101\jre\bin;D:\javasoftinstall\apache-maven-3.5.4\bin;?C:\Users\MSI-CN\AppData\Local\Packages\Microsoft.MicrosoftEdge_8wekyb3d8bbwe\TempState\Downloads\mingw64\bin;C:\Program Files\MySQL\MySQL Server 8.0\bin;;C:\Windows\system32;C:\Windows;C:\Windows\system32\wbem;C:\Users\MSI-CN\AppData\Local\Microsoft\WindowsApps;C:\Users\MSI-CN\IntelliJ IDEA 2020.2.2\bin;;C:\Users\MSI-CN\AppData\Local\Packages\Microsoft.MicrosoftEdge_8wekyb3d8bbwe\TempState\Downloads\mingw64\bin;;C:\Program Files\JetBrains\PyCharm 2020.1\bin;;."/>
    <property name="java.vm.info" value="mixed mode"/>
    <property name="java.vendor" value="Oracle Corporation"/>
    <property name="java.vm.version" value="25.101-b13"/>
    <property name="java.ext.dirs" value="C:\Program Files\Java\jdk1.8.0_101\jre\lib\ext;C:\Windows\Sun\Java\lib\ext"/>
    <property name="sun.io.unicode.encoding" value="UnicodeLittle"/>
    <property name="maven.repo.local" value="D:\javasoftinstall\mavenRep"/>
    <property name="java.class.version" value="52.0"/>
  </properties>
  <testcase name="shouldAnswerWithTrue" classname="com.zju.java.AppTest" time="0.001"/>
</testsuite>